<?xml version="1.0" encoding="UTF-8"?>
<testsuite errors="0" failures="0" name="App Login" skipped="0" tests="1" time="15.596110">
<testcase classname="App Login" name="Unnamed scenario" time="15.596110">
  <system-out/>
  <system-err/>
</testcase>
  <system-out>
    <![CDATA[]]>
  </system-out>
  <system-err>
    <![CDATA[]]>
  </system-err>
</testsuite>
